[2017-12-24 16:10:24,740]-INFO:打开url:[http://mail.163.com/]
[2017-12-24 16:10:27,140]-INFO:点击元素：[('xpath', "//*[@id='lbNormal']")]
[2017-12-24 16:10:27,141]-INFO:跳转frame：[ x-URS-iframe ]
[2017-12-24 16:10:27,427]-INFO:元素：[('xpath', "//input[@name='email']")] 输入内容：[18501342810]
[2017-12-24 16:10:27,717]-INFO:元素：[('xpath', "//input[@name='password']")] 输入内容：[Yangchao520]
[2017-12-24 16:10:27,904]-INFO:点击元素：[('xpath', "//a[@id='dologin']")]
[2017-12-24 16:10:35,560]-INFO:获取元素[ ('xpath', "//*[@id = 'spnUid']") ]文本值
[2017-12-24 16:10:37,514]-INFO:185****2810@163.com
[2017-12-24 16:10:37,516]-INFO:None
[2017-12-24 16:10:38,911]-INFO:点击元素：[('xpath', "//*[@id = '_mail_component_41_41']/a[1]")]
[2017-12-24 16:12:15,036]-INFO:打开url:[http://mail.163.com/]
[2017-12-24 16:12:15,667]-INFO:点击元素：[('xpath', "//*[@id='lbNormal']")]
[2017-12-24 16:12:15,667]-INFO:点击元素：[('xpath', "//*[@id='lbNormal']")]
[2017-12-24 16:12:15,669]-INFO:跳转frame：[ x-URS-iframe ]
[2017-12-24 16:12:15,669]-INFO:跳转frame：[ x-URS-iframe ]
[2017-12-24 16:12:15,669]-INFO:跳转frame：[ x-URS-iframe ]
[2017-12-24 16:12:15,965]-INFO:元素：[('xpath', "//input[@name='email']")] 输入内容：[18501342810]
[2017-12-24 16:12:15,965]-INFO:元素：[('xpath', "//input[@name='email']")] 输入内容：[18501342810]
[2017-12-24 16:12:15,965]-INFO:元素：[('xpath', "//input[@name='email']")] 输入内容：[18501342810]
[2017-12-24 16:12:15,965]-INFO:元素：[('xpath', "//input[@name='email']")] 输入内容：[18501342810]
[2017-12-24 16:12:16,153]-INFO:元素：[('xpath', "//input[@name='password']")] 输入内容：[Yangchao520]
[2017-12-24 16:12:16,153]-INFO:元素：[('xpath', "//input[@name='password']")] 输入内容：[Yangchao520]
[2017-12-24 16:12:16,153]-INFO:元素：[('xpath', "//input[@name='password']")] 输入内容：[Yangchao520]
[2017-12-24 16:12:16,153]-INFO:元素：[('xpath', "//input[@name='password']")] 输入内容：[Yangchao520]
[2017-12-24 16:12:16,153]-INFO:元素：[('xpath', "//input[@name='password']")] 输入内容：[Yangchao520]
[2017-12-24 16:12:16,325]-INFO:点击元素：[('xpath', "//a[@id='dologin']")]
[2017-12-24 16:12:16,325]-INFO:点击元素：[('xpath', "//a[@id='dologin']")]
[2017-12-24 16:12:16,325]-INFO:点击元素：[('xpath', "//a[@id='dologin']")]
[2017-12-24 16:12:16,325]-INFO:点击元素：[('xpath', "//a[@id='dologin']")]
[2017-12-24 16:12:16,325]-INFO:点击元素：[('xpath', "//a[@id='dologin']")]
[2017-12-24 16:12:16,325]-INFO:点击元素：[('xpath', "//a[@id='dologin']")]
[2017-12-24 16:12:20,608]-INFO:获取元素[ ('xpath', "//*[@id = 'spnUid']") ]文本值
[2017-12-24 16:12:20,608]-INFO:获取元素[ ('xpath', "//*[@id = 'spnUid']") ]文本值
[2017-12-24 16:12:20,608]-INFO:获取元素[ ('xpath', "//*[@id = 'spnUid']") ]文本值
[2017-12-24 16:12:20,608]-INFO:获取元素[ ('xpath', "//*[@id = 'spnUid']") ]文本值
[2017-12-24 16:12:20,608]-INFO:获取元素[ ('xpath', "//*[@id = 'spnUid']") ]文本值
[2017-12-24 16:12:20,608]-INFO:获取元素[ ('xpath', "//*[@id = 'spnUid']") ]文本值
[2017-12-24 16:12:20,608]-INFO:获取元素[ ('xpath', "//*[@id = 'spnUid']") ]文本值
[2017-12-24 16:12:21,186]-INFO:185****2810@163.com
[2017-12-24 16:12:21,186]-INFO:185****2810@163.com
[2017-12-24 16:12:21,186]-INFO:185****2810@163.com
[2017-12-24 16:12:21,186]-INFO:185****2810@163.com
[2017-12-24 16:12:21,186]-INFO:185****2810@163.com
[2017-12-24 16:12:21,186]-INFO:185****2810@163.com
[2017-12-24 16:12:21,186]-INFO:185****2810@163.com
[2017-12-24 16:12:21,186]-INFO:185****2810@163.com
[2017-12-24 16:12:21,189]-INFO:None
[2017-12-24 16:12:21,189]-INFO:None
[2017-12-24 16:12:21,189]-INFO:None
[2017-12-24 16:12:21,189]-INFO:None
[2017-12-24 16:12:21,189]-INFO:None
[2017-12-24 16:12:21,189]-INFO:None
[2017-12-24 16:12:21,189]-INFO:None
[2017-12-24 16:12:21,189]-INFO:None
[2017-12-24 16:12:21,189]-INFO:None
[2017-12-24 16:12:22,339]-INFO:点击元素：[('xpath', "//*[@id = '_mail_component_41_41']/a[1]")]
[2017-12-24 16:12:22,339]-INFO:点击元素：[('xpath', "//*[@id = '_mail_component_41_41']/a[1]")]
[2017-12-24 16:12:22,339]-INFO:点击元素：[('xpath', "//*[@id = '_mail_component_41_41']/a[1]")]
[2017-12-24 16:12:22,339]-INFO:点击元素：[('xpath', "//*[@id = '_mail_component_41_41']/a[1]")]
[2017-12-24 16:12:22,339]-INFO:点击元素：[('xpath', "//*[@id = '_mail_component_41_41']/a[1]")]
[2017-12-24 16:12:22,339]-INFO:点击元素：[('xpath', "//*[@id = '_mail_component_41_41']/a[1]")]
[2017-12-24 16:12:22,339]-INFO:点击元素：[('xpath', "//*[@id = '_mail_component_41_41']/a[1]")]
[2017-12-24 16:12:22,339]-INFO:点击元素：[('xpath', "//*[@id = '_mail_component_41_41']/a[1]")]
[2017-12-24 16:12:22,339]-INFO:点击元素：[('xpath', "//*[@id = '_mail_component_41_41']/a[1]")]
[2017-12-24 16:12:22,339]-INFO:点击元素：[('xpath', "//*[@id = '_mail_component_41_41']/a[1]")]
